2022-08-30 00:05:53,260 Reqiests DEBUG 发送post请求
2022-08-30 00:09:49,700 Reqiests DEBUG 发送post请求
2022-08-30 00:10:00,488 Reqiests DEBUG 发送post请求
2022-08-30 00:11:39,899 Reqiests DEBUG 发送post请求
2022-08-30 00:12:33,891 Reqiests DEBUG 发送post请求
2022-08-30 00:13:30,561 Reqiests DEBUG 发送post请求
2022-08-30 00:13:53,230 Reqiests DEBUG 发送post请求
2022-08-30 00:14:46,537 Reqiests DEBUG 发送post请求
2022-08-30 00:17:40,376 Reqiests DEBUG 发送post请求
2022-08-30 00:18:29,252 Reqiests DEBUG 发送post请求
2022-08-30 00:19:20,390 Reqiests DEBUG 发送post请求
2022-08-30 00:20:33,519 Reqiests DEBUG 发送post请求
2022-08-30 00:20:33,682 AssertUtil ERROR 不包含body或者body是错误，body是：{"reason": "\u67e5\u8be2\u6210\u529f!", "result": {"city": "\u4e0a\u6d77", "realtime": {"temperature": "28", "humidity": "89", "info": "\u9634", "wid": "02", "direct": "\u4e1c\u5317\u98ce", "power": "2\u7ea7", "aqi": "40"}, "future": [{"date": "2022-08-30", "temperature": "25/33\u2103", "weather": "\u5c0f\u96e8", "wid": {"day": "07", "night": "07"}, "direct": "\u4e1c\u98ce\u8f6c\u5317\u98ce"}, {"date": "2022-08-31", "temperature": "23/26\u2103", "weather": "\u5c0f\u96e8\u8f6c\u591a\u4e91", "wid": {"day": "07", "night": "01"}, "direct": "\u5317\u98ce"}, {"date": "2022-09-01", "temperature": "23/28\u2103", "weather": "\u6674\u8f6c\u5c0f\u96e8", "wid": {"day": "00", "night": "07"}, "direct": "\u4e1c\u5317\u98ce\u8f6c\u5317\u98ce"}, {"date": "2022-09-02", "temperature": "23/29\u2103", "weather": "\u5c0f\u96e8", "wid": {"day": "07", "night": "07"}, "direct": "\u4e1c\u5317\u98ce"}, {"date": "2022-09-03", "temperature": "23/29\u2103", "weather": "\u5c0f\u96e8", "wid": {"day": "07", "night": "07"}, "direct": "\u4e1c\u5317\u98ce\u8f6c\u5317\u98ce"}]}, "error_code": 0}expected_body是：'reason': '查询成功!'
2022-08-30 00:22:02,215 Reqiests DEBUG 发送post请求
2022-08-30 00:22:02,368 AssertUtil ERROR 不包含body或者body是错误，body是：{'reason': '查询成功!', 'result': {'city': '上海', 'realtime': {'temperature': '28', 'humidity': '89', 'info': '阴', 'wid': '02', 'direct': '东北风', 'power': '2级', 'aqi': '40'}, 'future': [{'date': '2022-08-30', 'temperature': '25/33℃', 'weather': '小雨', 'wid': {'day': '07', 'night': '07'}, 'direct': '东风转北风'}, {'date': '2022-08-31', 'temperature': '23/26℃', 'weather': '小雨转多云', 'wid': {'day': '07', 'night': '01'}, 'direct': '北风'}, {'date': '2022-09-01', 'temperature': '23/28℃', 'weather': '晴转小雨', 'wid': {'day': '00', 'night': '07'}, 'direct': '东北风转北风'}, {'date': '2022-09-02', 'temperature': '23/29℃', 'weather': '小雨', 'wid': {'day': '07', 'night': '07'}, 'direct': '东北风'}, {'date': '2022-09-03', 'temperature': '23/29℃', 'weather': '小雨', 'wid': {'day': '07', 'night': '07'}, 'direct': '东北风转北风'}]}, 'error_code': 0}expected_body是：'reason': '查询成功!'
2022-08-30 00:25:41,427 Reqiests DEBUG 发送post请求
2022-08-30 00:25:41,590 AssertUtil ERROR 不包含body或者body是错误，body是：'reason': '查询成功!'expected_body是：{'reason': '查询成功!', 'result': {'city': '上海', 'realtime': {'temperature': '28', 'humidity': '89', 'info': '阴', 'wid': '02', 'direct': '东北风', 'power': '2级', 'aqi': '40'}, 'future': [{'date': '2022-08-30', 'temperature': '25/33℃', 'weather': '小雨', 'wid': {'day': '07', 'night': '07'}, 'direct': '东风转北风'}, {'date': '2022-08-31', 'temperature': '23/26℃', 'weather': '小雨转多云', 'wid': {'day': '07', 'night': '01'}, 'direct': '北风'}, {'date': '2022-09-01', 'temperature': '23/28℃', 'weather': '晴转小雨', 'wid': {'day': '00', 'night': '07'}, 'direct': '东北风转北风'}, {'date': '2022-09-02', 'temperature': '23/29℃', 'weather': '小雨', 'wid': {'day': '07', 'night': '07'}, 'direct': '东北风'}, {'date': '2022-09-03', 'temperature': '23/29℃', 'weather': '小雨', 'wid': {'day': '07', 'night': '07'}, 'direct': '东北风转北风'}]}, 'error_code': 0}
2022-08-30 00:27:35,234 Reqiests DEBUG 发送post请求
2022-08-30 00:27:35,396 AssertUtil ERROR 不包含body或者body是错误，body是：{'reason': '查询成功!', 'result': {'city': '上海', 'realtime': {'temperature': '28', 'humidity': '89', 'info': '阴', 'wid': '02', 'direct': '东北风', 'power': '2级', 'aqi': '40'}, 'future': [{'date': '2022-08-30', 'temperature': '25/33℃', 'weather': '小雨', 'wid': {'day': '07', 'night': '07'}, 'direct': '东风转北风'}, {'date': '2022-08-31', 'temperature': '23/26℃', 'weather': '小雨转多云', 'wid': {'day': '07', 'night': '01'}, 'direct': '北风'}, {'date': '2022-09-01', 'temperature': '23/28℃', 'weather': '晴转小雨', 'wid': {'day': '00', 'night': '07'}, 'direct': '东北风转北风'}, {'date': '2022-09-02', 'temperature': '23/29℃', 'weather': '小雨', 'wid': {'day': '07', 'night': '07'}, 'direct': '东北风'}, {'date': '2022-09-03', 'temperature': '23/29℃', 'weather': '小雨', 'wid': {'day': '07', 'night': '07'}, 'direct': '东北风转北风'}]}, 'error_code': 0}expected_body是：'reason': '查询成功!'
2022-08-30 00:28:48,222 Reqiests DEBUG 发送post请求
2022-08-30 00:28:48,392 AssertUtil ERROR 不包含body或者body是错误，body是：{'reason': '查询成功!', 'result': {'city': '上海', 'realtime': {'temperature': '28', 'humidity': '89', 'info': '阴', 'wid': '02', 'direct': '东北风', 'power': '2级', 'aqi': '40'}, 'future': [{'date': '2022-08-30', 'temperature': '25/33℃', 'weather': '小雨', 'wid': {'day': '07', 'night': '07'}, 'direct': '东风转北风'}, {'date': '2022-08-31', 'temperature': '23/26℃', 'weather': '小雨转多云', 'wid': {'day': '07', 'night': '01'}, 'direct': '北风'}, {'date': '2022-09-01', 'temperature': '23/28℃', 'weather': '晴转小雨', 'wid': {'day': '00', 'night': '07'}, 'direct': '东北风转北风'}, {'date': '2022-09-02', 'temperature': '23/29℃', 'weather': '小雨', 'wid': {'day': '07', 'night': '07'}, 'direct': '东北风'}, {'date': '2022-09-03', 'temperature': '23/29℃', 'weather': '小雨', 'wid': {'day': '07', 'night': '07'}, 'direct': '东北风转北风'}]}, 'error_code': 0}expected_body是：{"'reason': '查询成功!'"}
2022-08-30 00:29:14,584 Reqiests DEBUG 发送post请求
2022-08-30 00:29:14,748 AssertUtil ERROR 不包含body或者body是错误，body是：{'reason': '查询成功!', 'result': {'city': '上海', 'realtime': {'temperature': '28', 'humidity': '89', 'info': '阴', 'wid': '02', 'direct': '东北风', 'power': '2级', 'aqi': '40'}, 'future': [{'date': '2022-08-30', 'temperature': '25/33℃', 'weather': '小雨', 'wid': {'day': '07', 'night': '07'}, 'direct': '东风转北风'}, {'date': '2022-08-31', 'temperature': '23/26℃', 'weather': '小雨转多云', 'wid': {'day': '07', 'night': '01'}, 'direct': '北风'}, {'date': '2022-09-01', 'temperature': '23/28℃', 'weather': '晴转小雨', 'wid': {'day': '00', 'night': '07'}, 'direct': '东北风转北风'}, {'date': '2022-09-02', 'temperature': '23/29℃', 'weather': '小雨', 'wid': {'day': '07', 'night': '07'}, 'direct': '东北风'}, {'date': '2022-09-03', 'temperature': '23/29℃', 'weather': '小雨', 'wid': {'day': '07', 'night': '07'}, 'direct': '东北风转北风'}]}, 'error_code': 0}expected_body是：{'reason': '查询成功!'}
2022-08-30 00:29:18,011 Reqiests DEBUG 发送post请求
2022-08-30 00:29:18,169 AssertUtil ERROR 不包含body或者body是错误，body是：{'reason': '查询成功!', 'result': {'city': '上海', 'realtime': {'temperature': '28', 'humidity': '89', 'info': '阴', 'wid': '02', 'direct': '东北风', 'power': '2级', 'aqi': '40'}, 'future': [{'date': '2022-08-30', 'temperature': '25/33℃', 'weather': '小雨', 'wid': {'day': '07', 'night': '07'}, 'direct': '东风转北风'}, {'date': '2022-08-31', 'temperature': '23/26℃', 'weather': '小雨转多云', 'wid': {'day': '07', 'night': '01'}, 'direct': '北风'}, {'date': '2022-09-01', 'temperature': '23/28℃', 'weather': '晴转小雨', 'wid': {'day': '00', 'night': '07'}, 'direct': '东北风转北风'}, {'date': '2022-09-02', 'temperature': '23/29℃', 'weather': '小雨', 'wid': {'day': '07', 'night': '07'}, 'direct': '东北风'}, {'date': '2022-09-03', 'temperature': '23/29℃', 'weather': '小雨', 'wid': {'day': '07', 'night': '07'}, 'direct': '东北风转北风'}]}, 'error_code': 0}expected_body是：{'reason': '查询成功!'}
2022-08-30 00:29:58,005 Reqiests DEBUG 发送post请求
2022-08-30 00:29:58,170 AssertUtil ERROR 不包含body或者body是错误，body是：{'reason': '查询成功!', 'result': {'city': '上海', 'realtime': {'temperature': '28', 'humidity': '89', 'info': '阴', 'wid': '02', 'direct': '东北风', 'power': '2级', 'aqi': '40'}, 'future': [{'date': '2022-08-30', 'temperature': '25/33℃', 'weather': '小雨', 'wid': {'day': '07', 'night': '07'}, 'direct': '东风转北风'}, {'date': '2022-08-31', 'temperature': '23/26℃', 'weather': '小雨转多云', 'wid': {'day': '07', 'night': '01'}, 'direct': '北风'}, {'date': '2022-09-01', 'temperature': '23/28℃', 'weather': '晴转小雨', 'wid': {'day': '00', 'night': '07'}, 'direct': '东北风转北风'}, {'date': '2022-09-02', 'temperature': '23/29℃', 'weather': '小雨', 'wid': {'day': '07', 'night': '07'}, 'direct': '东北风'}, {'date': '2022-09-03', 'temperature': '23/29℃', 'weather': '小雨', 'wid': {'day': '07', 'night': '07'}, 'direct': '东北风转北风'}]}, 'error_code': 0}expected_body是：'reason': '查询成功!'
2022-08-30 00:31:02,223 Reqiests DEBUG 发送post请求
2022-08-30 00:34:03,528 Reqiests DEBUG 发送post请求
2022-08-30 00:34:03,690 AssertUtil ERROR 不包含body或者body是错误，body是：{'reason': '查询成功!', 'result': {'city': '上海', 'realtime': {'temperature': '28', 'humidity': '90', 'info': '阴', 'wid': '02', 'direct': '西南风', 'power': '2级', 'aqi': '40'}, 'future': [{'date': '2022-08-30', 'temperature': '25/33℃', 'weather': '小雨', 'wid': {'day': '07', 'night': '07'}, 'direct': '东风转北风'}, {'date': '2022-08-31', 'temperature': '23/26℃', 'weather': '小雨转多云', 'wid': {'day': '07', 'night': '01'}, 'direct': '北风'}, {'date': '2022-09-01', 'temperature': '23/28℃', 'weather': '晴转小雨', 'wid': {'day': '00', 'night': '07'}, 'direct': '东北风转北风'}, {'date': '2022-09-02', 'temperature': '23/29℃', 'weather': '小雨', 'wid': {'day': '07', 'night': '07'}, 'direct': '东北风'}, {'date': '2022-09-03', 'temperature': '23/29℃', 'weather': '小雨', 'wid': {'day': '07', 'night': '07'}, 'direct': '东北风转北风'}]}, 'error_code': 0}expected_body是：'reason': '查询成功!'
2022-08-30 00:34:27,146 Reqiests DEBUG 发送post请求
2022-08-30 00:36:24,044 Reqiests DEBUG 发送post请求
2022-08-30 00:36:24,524 AssertUtil ERROR 不包含body或者body是错误，body是：{'reason': '查询成功!', 'result': {'city': '上海', 'realtime': {'temperature': '28', 'humidity': '90', 'info': '阴', 'wid': '02', 'direct': '西南风', 'power': '2级', 'aqi': '40'}, 'future': [{'date': '2022-08-30', 'temperature': '25/33℃', 'weather': '小雨', 'wid': {'day': '07', 'night': '07'}, 'direct': '东风转北风'}, {'date': '2022-08-31', 'temperature': '23/26℃', 'weather': '小雨转多云', 'wid': {'day': '07', 'night': '01'}, 'direct': '北风'}, {'date': '2022-09-01', 'temperature': '23/28℃', 'weather': '晴转小雨', 'wid': {'day': '00', 'night': '07'}, 'direct': '东北风转北风'}, {'date': '2022-09-02', 'temperature': '23/29℃', 'weather': '小雨', 'wid': {'day': '07', 'night': '07'}, 'direct': '东北风'}, {'date': '2022-09-03', 'temperature': '23/29℃', 'weather': '小雨', 'wid': {'day': '07', 'night': '07'}, 'direct': '东北风转北风'}]}, 'error_code': 0}expected_body是："'reason': '\u67e5\u8be2\u6210\u529f!'"
2022-08-30 00:37:16,226 Reqiests DEBUG 发送post请求
2022-08-30 00:37:16,378 AssertUtil ERROR 不包含body或者body是错误，body是：{"reason": "\u67e5\u8be2\u6210\u529f!", "result": {"city": "\u4e0a\u6d77", "realtime": {"temperature": "28", "humidity": "90", "info": "\u9634", "wid": "02", "direct": "\u897f\u5357\u98ce", "power": "2\u7ea7", "aqi": "40"}, "future": [{"date": "2022-08-30", "temperature": "25/33\u2103", "weather": "\u5c0f\u96e8", "wid": {"day": "07", "night": "07"}, "direct": "\u4e1c\u98ce\u8f6c\u5317\u98ce"}, {"date": "2022-08-31", "temperature": "23/26\u2103", "weather": "\u5c0f\u96e8\u8f6c\u591a\u4e91", "wid": {"day": "07", "night": "01"}, "direct": "\u5317\u98ce"}, {"date": "2022-09-01", "temperature": "23/28\u2103", "weather": "\u6674\u8f6c\u5c0f\u96e8", "wid": {"day": "00", "night": "07"}, "direct": "\u4e1c\u5317\u98ce\u8f6c\u5317\u98ce"}, {"date": "2022-09-02", "temperature": "23/29\u2103", "weather": "\u5c0f\u96e8", "wid": {"day": "07", "night": "07"}, "direct": "\u4e1c\u5317\u98ce"}, {"date": "2022-09-03", "temperature": "23/29\u2103", "weather": "\u5c0f\u96e8", "wid": {"day": "07", "night": "07"}, "direct": "\u4e1c\u5317\u98ce\u8f6c\u5317\u98ce"}]}, "error_code": 0}expected_body是：'temperature': '28'
2022-08-30 00:38:22,212 Reqiests DEBUG 发送post请求
2022-08-30 00:38:22,368 AssertUtil ERROR 不包含body或者body是错误，body是：{"reason": "\u67e5\u8be2\u6210\u529f!", "result": {"city": "\u4e0a\u6d77", "realtime": {"temperature": "28", "humidity": "90", "info": "\u9634", "wid": "02", "direct": "\u897f\u5357\u98ce", "power": "2\u7ea7", "aqi": "40"}, "future": [{"date": "2022-08-30", "temperature": "25/33\u2103", "weather": "\u5c0f\u96e8", "wid": {"day": "07", "night": "07"}, "direct": "\u4e1c\u98ce\u8f6c\u5317\u98ce"}, {"date": "2022-08-31", "temperature": "23/26\u2103", "weather": "\u5c0f\u96e8\u8f6c\u591a\u4e91", "wid": {"day": "07", "night": "01"}, "direct": "\u5317\u98ce"}, {"date": "2022-09-01", "temperature": "23/28\u2103", "weather": "\u6674\u8f6c\u5c0f\u96e8", "wid": {"day": "00", "night": "07"}, "direct": "\u4e1c\u5317\u98ce\u8f6c\u5317\u98ce"}, {"date": "2022-09-02", "temperature": "23/29\u2103", "weather": "\u5c0f\u96e8", "wid": {"day": "07", "night": "07"}, "direct": "\u4e1c\u5317\u98ce"}, {"date": "2022-09-03", "temperature": "23/29\u2103", "weather": "\u5c0f\u96e8", "wid": {"day": "07", "night": "07"}, "direct": "\u4e1c\u5317\u98ce\u8f6c\u5317\u98ce"}]}, "error_code": 0}expected_body是：'temperature': 28
2022-08-30 00:39:28,564 Reqiests DEBUG 发送post请求
2022-08-30 23:27:30,300 Reqiests DEBUG 发送post请求
2022-08-30 23:28:56,750 Reqiests DEBUG 发送post请求
2022-08-30 23:32:59,042 Reqiests DEBUG 发送post请求
2022-08-30 23:33:15,564 Reqiests DEBUG 发送post请求
2022-08-30 23:33:55,772 Reqiests DEBUG 发送post请求
2022-08-30 23:33:55,923 AssertUtil ERROR 不包含body或者body是错误，body是：{"resultcode": "112", "reason": "\u8d85\u8fc7\u6bcf\u65e5\u53ef\u5141\u8bb8\u8bf7\u6c42\u6b21\u6570", "result": null, "error_code": 10012}expected_body是："error_code": 0
2022-08-30 23:34:08,570 Reqiests DEBUG 发送post请求
2022-08-30 23:34:08,719 AssertUtil ERROR 不包含body或者body是错误，body是：{"resultcode": "112", "reason": "\u8d85\u8fc7\u6bcf\u65e5\u53ef\u5141\u8bb8\u8bf7\u6c42\u6b21\u6570!", "result": null, "error_code": 10012}expected_body是："error_code": 0
2022-08-30 23:36:49,305 Reqiests DEBUG 发送post请求
