2022-09-10 21:34:15,852 Reqiests DEBUG 发送post请求
2022-09-10 21:34:16,004 Reqiests DEBUG 发送post请求
2022-09-10 21:35:52,803 Reqiests DEBUG 发送post请求
2022-09-10 21:35:52,945 Reqiests DEBUG 发送post请求
2022-09-10 21:37:23,400 Reqiests DEBUG 发送post请求
2022-09-10 21:37:23,551 Reqiests DEBUG 发送post请求
2022-09-10 22:18:31,003 Reqiests DEBUG 发送post请求
2022-09-10 22:18:31,177 Reqiests DEBUG 发送post请求
2022-09-10 22:18:31,328 AssertUtil ERROR body与expected_body不相等，实际返回的是：{'reason': '查询成功!', 'result': {'city': '周口', 'realtime': {'temperature': '22', 'humidity': '72', 'info': '晴', 'wid': '00', 'direct': '西北风', 'power': '3级', 'aqi': '56'}, 'future': [{'date': '2022-09-10', 'temperature': '21/30℃', 'weather': '多云转晴', 'wid': {'day': '01', 'night': '00'}, 'direct': '北风转东北风'}, {'date': '2022-09-11', 'temperature': '22/30℃', 'weather': '多云转晴', 'wid': {'day': '01', 'night': '00'}, 'direct': '北风转东北风'}, {'date': '2022-09-12', 'temperature': '21/31℃', 'weather': '晴', 'wid': {'day': '00', 'night': '00'}, 'direct': '北风转东北风'}, {'date': '2022-09-13', 'temperature': '20/29℃', 'weather': '多云转晴', 'wid': {'day': '01', 'night': '00'}, 'direct': '东北风转北风'}, {'date': '2022-09-14', 'temperature': '21/29℃', 'weather': '多云转晴', 'wid': {'day': '01', 'night': '00'}, 'direct': '北风'}]}, 'error_code': 0}预期返回是："error_code":0
2022-09-10 22:18:31,333 D:\Auto_Test\utils\LogUtil.py DEBUG 数据库查询结果:{'reason': '查询成功！', 'city': '周口'}
2022-09-10 22:18:31,333 AssertUtil ERROR body与expected_body不相等，实际返回的是：查询成功!预期返回是：查询成功！
2022-09-10 22:20:27,921 Reqiests DEBUG 发送post请求
2022-09-10 22:20:28,067 Reqiests DEBUG 发送post请求
2022-09-10 22:20:28,212 AssertUtil ERROR 不包含body或者body是错误，body是："{'reason': '\u67e5\u8be2\u6210\u529f!', 'result': {'city': '\u5468\u53e3', 'realtime': {'temperature': '22', 'humidity': '72', 'info': '\u6674', 'wid': '00', 'direct': '\u897f\u5317\u98ce', 'power': '3\u7ea7', 'aqi': '56'}, 'future': [{'date': '2022-09-10', 'temperature': '21/30\u2103', 'weather': '\u591a\u4e91\u8f6c\u6674', 'wid': {'day': '01', 'night': '00'}, 'direct': '\u5317\u98ce\u8f6c\u4e1c\u5317\u98ce'}, {'date': '2022-09-11', 'temperature': '22/30\u2103', 'weather': '\u591a\u4e91\u8f6c\u6674', 'wid': {'day': '01', 'night': '00'}, 'direct': '\u5317\u98ce\u8f6c\u4e1c\u5317\u98ce'}, {'date': '2022-09-12', 'temperature': '21/31\u2103', 'weather': '\u6674', 'wid': {'day': '00', 'night': '00'}, 'direct': '\u5317\u98ce\u8f6c\u4e1c\u5317\u98ce'}, {'date': '2022-09-13', 'temperature': '20/29\u2103', 'weather': '\u591a\u4e91\u8f6c\u6674', 'wid': {'day': '01', 'night': '00'}, 'direct': '\u4e1c\u5317\u98ce\u8f6c\u5317\u98ce'}, {'date': '2022-09-14', 'temperature': '21/29\u2103', 'weather': '\u591a\u4e91\u8f6c\u6674', 'wid': {'day': '01', 'night': '00'}, 'direct': '\u5317\u98ce'}]}, 'error_code': 0}"expected_body是："error_code":0
2022-09-10 22:23:56,686 Reqiests DEBUG 发送post请求
2022-09-10 22:23:57,170 Reqiests DEBUG 发送post请求
2022-09-10 22:23:57,312 AssertUtil ERROR 不包含body或者body是错误，body是："{'reason': '\u67e5\u8be2\u6210\u529f!', 'result': {'city': '\u5468\u53e3', 'realtime': {'temperature': '22', 'humidity': '73', 'info': '\u6674', 'wid': '00', 'direct': '\u5317\u98ce', 'power': '2\u7ea7', 'aqi': '56'}, 'future': [{'date': '2022-09-10', 'temperature': '21/30\u2103', 'weather': '\u591a\u4e91\u8f6c\u6674', 'wid': {'day': '01', 'night': '00'}, 'direct': '\u5317\u98ce\u8f6c\u4e1c\u5317\u98ce'}, {'date': '2022-09-11', 'temperature': '22/30\u2103', 'weather': '\u591a\u4e91\u8f6c\u6674', 'wid': {'day': '01', 'night': '00'}, 'direct': '\u5317\u98ce\u8f6c\u4e1c\u5317\u98ce'}, {'date': '2022-09-12', 'temperature': '21/31\u2103', 'weather': '\u6674', 'wid': {'day': '00', 'night': '00'}, 'direct': '\u5317\u98ce\u8f6c\u4e1c\u5317\u98ce'}, {'date': '2022-09-13', 'temperature': '20/29\u2103', 'weather': '\u591a\u4e91\u8f6c\u6674', 'wid': {'day': '01', 'night': '00'}, 'direct': '\u4e1c\u5317\u98ce\u8f6c\u5317\u98ce'}, {'date': '2022-09-14', 'temperature': '21/29\u2103', 'weather': '\u591a\u4e91\u8f6c\u6674', 'wid': {'day': '01', 'night': '00'}, 'direct': '\u5317\u98ce'}]}, 'error_code': 0}"expected_body是："error_code":0
2022-09-10 22:29:45,492 Reqiests DEBUG 发送post请求
2022-09-10 22:29:45,660 Reqiests DEBUG 发送post请求
2022-09-10 22:29:45,810 AssertUtil ERROR 不包含body或者body是错误，body是："{'reason': '\u67e5\u8be2\u6210\u529f!', 'result': {'city': '\u5468\u53e3', 'realtime': {'temperature': '22', 'humidity': '73', 'info': '\u6674', 'wid': '00', 'direct': '\u5317\u98ce', 'power': '2\u7ea7', 'aqi': '56'}, 'future': [{'date': '2022-09-10', 'temperature': '21/30\u2103', 'weather': '\u591a\u4e91\u8f6c\u6674', 'wid': {'day': '01', 'night': '00'}, 'direct': '\u5317\u98ce\u8f6c\u4e1c\u5317\u98ce'}, {'date': '2022-09-11', 'temperature': '22/30\u2103', 'weather': '\u591a\u4e91\u8f6c\u6674', 'wid': {'day': '01', 'night': '00'}, 'direct': '\u5317\u98ce\u8f6c\u4e1c\u5317\u98ce'}, {'date': '2022-09-12', 'temperature': '21/31\u2103', 'weather': '\u6674', 'wid': {'day': '00', 'night': '00'}, 'direct': '\u5317\u98ce\u8f6c\u4e1c\u5317\u98ce'}, {'date': '2022-09-13', 'temperature': '20/29\u2103', 'weather': '\u591a\u4e91\u8f6c\u6674', 'wid': {'day': '01', 'night': '00'}, 'direct': '\u4e1c\u5317\u98ce\u8f6c\u5317\u98ce'}, {'date': '2022-09-14', 'temperature': '21/29\u2103', 'weather': '\u591a\u4e91\u8f6c\u6674', 'wid': {'day': '01', 'night': '00'}, 'direct': '\u5317\u98ce'}]}, 'error_code': 0}"expected_body是："error_code":0
2022-09-10 22:30:53,426 Reqiests DEBUG 发送post请求
2022-09-10 22:30:53,573 Reqiests DEBUG 发送post请求
2022-09-10 22:30:54,137 AssertUtil ERROR 不包含body或者body是错误，body是："{'reason': '\u67e5\u8be2\u6210\u529f!', 'result': {'city': '\u5468\u53e3', 'realtime': {'temperature': '22', 'humidity': '73', 'info': '\u6674', 'wid': '00', 'direct': '\u5317\u98ce', 'power': '2\u7ea7', 'aqi': '56'}, 'future': [{'date': '2022-09-10', 'temperature': '21/30\u2103', 'weather': '\u591a\u4e91\u8f6c\u6674', 'wid': {'day': '01', 'night': '00'}, 'direct': '\u5317\u98ce\u8f6c\u4e1c\u5317\u98ce'}, {'date': '2022-09-11', 'temperature': '22/30\u2103', 'weather': '\u591a\u4e91\u8f6c\u6674', 'wid': {'day': '01', 'night': '00'}, 'direct': '\u5317\u98ce\u8f6c\u4e1c\u5317\u98ce'}, {'date': '2022-09-12', 'temperature': '21/31\u2103', 'weather': '\u6674', 'wid': {'day': '00', 'night': '00'}, 'direct': '\u5317\u98ce\u8f6c\u4e1c\u5317\u98ce'}, {'date': '2022-09-13', 'temperature': '20/29\u2103', 'weather': '\u591a\u4e91\u8f6c\u6674', 'wid': {'day': '01', 'night': '00'}, 'direct': '\u4e1c\u5317\u98ce\u8f6c\u5317\u98ce'}, {'date': '2022-09-14', 'temperature': '21/29\u2103', 'weather': '\u591a\u4e91\u8f6c\u6674', 'wid': {'day': '01', 'night': '00'}, 'direct': '\u5317\u98ce'}]}, 'error_code': 0}"expected_body是："error_code"：0
2022-09-10 22:35:57,977 Reqiests DEBUG 发送post请求
2022-09-10 22:35:58,122 Reqiests DEBUG 发送post请求
2022-09-10 22:36:58,959 Reqiests DEBUG 发送post请求
2022-09-10 22:36:59,104 Reqiests DEBUG 发送post请求
2022-09-10 22:36:59,236 AssertUtil ERROR 不包含body或者body是错误，body是："{'city': '\u5468\u53e3', 'realtime': {'temperature': '22', 'humidity': '73', 'info': '\u6674', 'wid': '00', 'direct': '\u5317\u98ce', 'power': '2\u7ea7', 'aqi': '56'}, 'future': [{'date': '2022-09-10', 'temperature': '21/30\u2103', 'weather': '\u591a\u4e91\u8f6c\u6674', 'wid': {'day': '01', 'night': '00'}, 'direct': '\u5317\u98ce\u8f6c\u4e1c\u5317\u98ce'}, {'date': '2022-09-11', 'temperature': '22/30\u2103', 'weather': '\u591a\u4e91\u8f6c\u6674', 'wid': {'day': '01', 'night': '00'}, 'direct': '\u5317\u98ce\u8f6c\u4e1c\u5317\u98ce'}, {'date': '2022-09-12', 'temperature': '21/31\u2103', 'weather': '\u6674', 'wid': {'day': '00', 'night': '00'}, 'direct': '\u5317\u98ce\u8f6c\u4e1c\u5317\u98ce'}, {'date': '2022-09-13', 'temperature': '20/29\u2103', 'weather': '\u591a\u4e91\u8f6c\u6674', 'wid': {'day': '01', 'night': '00'}, 'direct': '\u4e1c\u5317\u98ce\u8f6c\u5317\u98ce'}, {'date': '2022-09-14', 'temperature': '21/29\u2103', 'weather': '\u591a\u4e91\u8f6c\u6674', 'wid': {'day': '01', 'night': '00'}, 'direct': '\u5317\u98ce'}]}"expected_body是："error_code":0
2022-09-10 22:40:30,689 Reqiests DEBUG 发送post请求
2022-09-10 22:40:30,848 Reqiests DEBUG 发送post请求
2022-09-10 22:48:40,544 Reqiests DEBUG 发送post请求
2022-09-10 22:48:40,700 Reqiests DEBUG 发送post请求
2022-09-10 22:48:40,848 AssertUtil ERROR 不包含body或者body是错误，body是：{'reason': '查询成功!', 'result': {'city': '周口', 'realtime': {'temperature': '22', 'humidity': '73', 'info': '晴', 'wid': '00', 'direct': '西北风', 'power': '2级', 'aqi': '56'}, 'future': [{'date': '2022-09-10', 'temperature': '21/30℃', 'weather': '多云转晴', 'wid': {'day': '01', 'night': '00'}, 'direct': '北风转东北风'}, {'date': '2022-09-11', 'temperature': '22/30℃', 'weather': '多云转晴', 'wid': {'day': '01', 'night': '00'}, 'direct': '北风转东北风'}, {'date': '2022-09-12', 'temperature': '21/31℃', 'weather': '晴', 'wid': {'day': '00', 'night': '00'}, 'direct': '北风转东北风'}, {'date': '2022-09-13', 'temperature': '20/29℃', 'weather': '多云转晴', 'wid': {'day': '01', 'night': '00'}, 'direct': '东北风转北风'}, {'date': '2022-09-14', 'temperature': '21/29℃', 'weather': '多云转晴', 'wid': {'day': '01', 'night': '00'}, 'direct': '北风'}]}, 'error_code': 0}expected_body是："error_code":0
2022-09-10 22:49:29,922 Reqiests DEBUG 发送post请求
2022-09-10 22:49:30,068 Reqiests DEBUG 发送post请求
2022-09-10 22:49:30,218 D:\Auto_Test\utils\LogUtil.py DEBUG 数据库查询结果:{'reason': '查询成功!'}
2022-09-10 23:14:04,413 Reqiests DEBUG 发送post请求
2022-09-10 23:14:04,577 Reqiests DEBUG 发送post请求
2022-09-10 23:14:04,728 D:\Auto_Test\utils\LogUtil.py DEBUG 数据库查询结果:{'reason': '查询成功!'}
